<?xml version="1.0" encoding="UTF-8"?>
<Site BuildName="Win32-nmake"
	BuildStamp="20240201-1722-Experimental"
	Name="Riccardo"
	Generator="ctest-3.28.0-rc1"
	CompilerName="C:/Program Files/Microsoft Visual Studio/2022/Community/VC/Tools/MSVC/14.38.33130/bin/Hostx64/x64/cl.exe"
	CompilerVersion="19.38.33133.0"
	OSName="Windows"
	Hostname="Riccardo"
	OSRelease=" Professional"
	OSVersion=" (Build 22631)"
	OSPlatform="AMD64"
	Is64Bits="1"
	VendorString="AuthenticAMD"
	VendorID="Advanced Micro Devices"
	FamilyID="15"
	ModelID="1"
	ProcessorCacheSize="64"
	NumberOfLogicalCPU="16"
	NumberOfPhysicalCPU="8"
	TotalVirtualMemory="41632"
	TotalPhysicalMemory="31904"
	LogicalProcessorsPerPhysical="2"
	ProcessorClockFrequency="4199"
	>
	<Testing>
		<StartDateTime>Feb 01 18:41 ora solare Europa occidentale</StartDateTime>
		<StartTestTime>1706809317</StartTestTime>
		<TestList/>
		<EndDateTime>Feb 01 18:41 ora solare Europa occidentale</EndDateTime>
		<EndTestTime>1706809317</EndTestTime>
		<ElapsedMinutes>0</ElapsedMinutes>
	</Testing>
</Site>
